#! /usr/share/iverilog-0.9.7/bin/vvp
:ivl_version "0.9.7 " "(v0_9_6)";
:vpi_time_precision + 0;
:vpi_module "system";
:vpi_module "v2005_math";
:vpi_module "va_math";
S_0x1f49030 .scope module, "tb" "tb" 2 3;
 .timescale 0 0;
v0x1f5a7a0_0 .var "a", 0 0;
v0x1f5a840_0 .net "and_g", 0 0, v0x1f5a2a0_0; 1 drivers
v0x1f5a8f0_0 .var "b", 0 0;
v0x1f5a9a0_0 .net "nand_g", 0 0, v0x1f5a3e0_0; 1 drivers
v0x1f5aa80_0 .net "not_g", 0 0, v0x1f5a490_0; 1 drivers
v0x1f5ab30_0 .net "or_g", 0 0, v0x1f5a530_0; 1 drivers
v0x1f5abb0_0 .net "xnor_g", 0 0, v0x1f5a610_0; 1 drivers
v0x1f5ac60_0 .net "xor_g", 0 0, v0x1f5a6b0_0; 1 drivers
S_0x1f49120 .scope module, "dut" "gate_s" 2 6, 3 2, S_0x1f49030;
 .timescale 0 0;
v0x1f47f60_0 .net "a", 0 0, v0x1f5a7a0_0; 1 drivers
v0x1f5a2a0_0 .var "and_g", 0 0;
v0x1f5a340_0 .net "b", 0 0, v0x1f5a8f0_0; 1 drivers
v0x1f5a3e0_0 .var "nand_g", 0 0;
v0x1f5a490_0 .var "not_g", 0 0;
v0x1f5a530_0 .var "or_g", 0 0;
v0x1f5a610_0 .var "xnor_g", 0 0;
v0x1f5a6b0_0 .var "xor_g", 0 0;
E_0x1f25cf0 .event edge, v0x1f47f60_0, v0x1f5a340_0;
    .scope S_0x1f49120;
T_0 ;
    %wait E_0x1f25cf0;
    %load/v 8, v0x1f47f60_0, 1;
    %load/v 9, v0x1f5a340_0, 1;
    %and 8, 9, 1;
    %set/v v0x1f5a2a0_0, 8, 1;
    %load/v 8, v0x1f47f60_0, 1;
    %load/v 9, v0x1f5a340_0, 1;
    %or 8, 9, 1;
    %set/v v0x1f5a530_0, 8, 1;
    %load/v 8, v0x1f47f60_0, 1;
    %load/v 9, v0x1f5a340_0, 1;
    %xor 8, 9, 1;
    %set/v v0x1f5a6b0_0, 8, 1;
    %load/v 8, v0x1f47f60_0, 1;
    %load/v 9, v0x1f5a340_0, 1;
    %and 8, 9, 1;
    %inv 8, 1;
    %set/v v0x1f5a3e0_0, 8, 1;
    %load/v 8, v0x1f47f60_0, 1;
    %load/v 9, v0x1f5a340_0, 1;
    %or 8, 9, 1;
    %inv 8, 1;
    %set/v v0x1f5a610_0, 8, 1;
    %load/v 8, v0x1f47f60_0, 1;
    %inv 8, 1;
    %set/v v0x1f5a490_0, 8, 1;
    %jmp T_0;
    .thread T_0, $push;
    .scope S_0x1f49030;
T_1 ;
    %set/v v0x1f5a7a0_0, 0, 1;
    %end;
    .thread T_1;
    .scope S_0x1f49030;
T_2 ;
    %set/v v0x1f5a8f0_0, 0, 1;
    %end;
    .thread T_2;
    .scope S_0x1f49030;
T_3 ;
    %delay 10, 0;
    %load/v 8, v0x1f5a7a0_0, 1;
    %inv 8, 1;
    %set/v v0x1f5a7a0_0, 8, 1;
    %jmp T_3;
    .thread T_3;
    .scope S_0x1f49030;
T_4 ;
    %delay 20, 0;
    %load/v 8, v0x1f5a8f0_0, 1;
    %inv 8, 1;
    %set/v v0x1f5a8f0_0, 8, 1;
    %jmp T_4;
    .thread T_4;
    .scope S_0x1f49030;
T_5 ;
    %delay 200, 0;
    %vpi_call 2 11 "$finish";
    %end;
    .thread T_5;
    .scope S_0x1f49030;
T_6 ;
    %vpi_call 2 14 "$dumpfile", "dump.vcd";
    %vpi_call 2 15 "$dumpvars";
    %end;
    .thread T_6;
# The file index is used to find the file name in the following table.
:file_names 4;
    "N/A";
    "<interactive>";
    "testbench.sv";
    "design.sv";
